<?xml version="1.0" encoding="UTF-8"?>
<!-- Generated by org.testng.reporters.JUnitXMLReporter -->
<testsuite ignored="1" hostname="DESKTOP-H19J252" failures="0" tests="1" name="Default test" time="43.204" errors="0" timestamp="2024-01-28T13:20:08 BDT">
  <testcase classname="tests.Test_Course_Sele_WebDriver" name="validateCourseInfo" time="0.331"/>
  <testcase classname="tests.Test_Course_Sele_WebDriver" name="validationOfCourseSyllabus" time="0.0">
    <ignored/>
  </testcase> <!-- validationOfCourseSyllabus -->
</testsuite> <!-- Default test -->
